{"level":"DEBUG","time":"2021-11-09T18:15:12.554+0800","caller":"BlueBell/main.go:39","msg":"logger init success..\n"}
{"level":"INFO","time":"2021-11-09T18:15:31.009+0800","caller":"logger/logger.go:71","msg":"/","status":200,"method":"GET","path":"/","query":"","ip":"::1","user-agent":"Mozilla/5.0 (Windows NT 10.0; Win64; x64) AppleWebKit/537.36 (KHTML, like Gecko) Chrome/95.0.4638.69 Safari/537.36 Edg/95.0.1020.44","errors":"","cost":0}
{"level":"INFO","time":"2021-11-09T18:15:31.066+0800","caller":"logger/logger.go:71","msg":"/favicon.ico","status":404,"method":"GET","path":"/favicon.ico","query":"","ip":"::1","user-agent":"Mozilla/5.0 (Windows NT 10.0; Win64; x64) AppleWebKit/537.36 (KHTML, like Gecko) Chrome/95.0.4638.69 Safari/537.36 Edg/95.0.1020.44","errors":"","cost":0}
{"level":"INFO","time":"2021-11-09T18:15:46.317+0800","caller":"BlueBell/main.go:85","msg":"Shutdown Server ..."}
{"level":"INFO","time":"2021-11-09T18:15:46.332+0800","caller":"BlueBell/main.go:94","msg":"Server exiting"}
{"level":"DEBUG","time":"2021-11-10T16:17:48.612+0800","caller":"BlueBell/main.go:39","msg":"logger init success..\n"}
{"level":"ERROR","time":"2021-11-10T16:17:50.649+0800","caller":"mysql/mysql.go:26","msg":"connect DB failed","error":"dial tcp 127.0.0.1:3306: connectex: No connection could be made because the target machine actively refused it."}
{"level":"DEBUG","time":"2021-11-10T16:18:02.777+0800","caller":"BlueBell/main.go:39","msg":"logger init success..\n"}
{"level":"INFO","time":"2021-11-10T16:19:55.926+0800","caller":"logger/logger.go:71","msg":"/signup","status":200,"method":"GET","path":"/signup","query":"","ip":"::1","user-agent":"PostmanRuntime/7.28.4","errors":"","cost":0.0010151}
{"level":"INFO","time":"2021-11-10T16:20:16.680+0800","caller":"logger/logger.go:71","msg":"/signup","status":200,"method":"GET","path":"/signup","query":"","ip":"::1","user-agent":"PostmanRuntime/7.28.4","errors":"","cost":0.0001998}
{"level":"ERROR","time":"2021-11-10T16:21:03.154+0800","caller":"controllers/user.go:17","msg":"Sign up with invalid param,","error":"json: cannot unmarshal number into Go struct field ParamSignUp.password of type string"}
{"level":"INFO","time":"2021-11-10T16:21:03.154+0800","caller":"logger/logger.go:71","msg":"/signup","status":200,"method":"GET","path":"/signup","query":"","ip":"::1","user-agent":"PostmanRuntime/7.28.4","errors":"","cost":0.0008618}
{"level":"INFO","time":"2021-11-10T16:26:29.820+0800","caller":"BlueBell/main.go:85","msg":"Shutdown Server ..."}
{"level":"INFO","time":"2021-11-10T16:26:29.835+0800","caller":"BlueBell/main.go:94","msg":"Server exiting"}
{"level":"DEBUG","time":"2021-11-10T16:26:33.706+0800","caller":"BlueBell/main.go:39","msg":"logger init success..\n"}
{"level":"ERROR","time":"2021-11-10T16:26:39.712+0800","caller":"controllers/user.go:16","msg":"Sign up with invalid param,","error":"json: cannot unmarshal number into Go struct field ParamSignUp.password of type string"}
{"level":"INFO","time":"2021-11-10T16:26:39.712+0800","caller":"logger/logger.go:71","msg":"/signup","status":200,"method":"GET","path":"/signup","query":"","ip":"::1","user-agent":"PostmanRuntime/7.28.4","errors":"","cost":0}
{"level":"ERROR","time":"2021-11-10T16:26:54.218+0800","caller":"controllers/user.go:16","msg":"Sign up with invalid param,","error":"invalid character '\"' after object key:value pair"}
{"level":"INFO","time":"2021-11-10T16:26:54.218+0800","caller":"logger/logger.go:71","msg":"/signup","status":200,"method":"GET","path":"/signup","query":"","ip":"::1","user-agent":"PostmanRuntime/7.28.4","errors":"","cost":0}
{"level":"INFO","time":"2021-11-10T16:27:05.832+0800","caller":"logger/logger.go:71","msg":"/signup","status":200,"method":"GET","path":"/signup","query":"","ip":"::1","user-agent":"PostmanRuntime/7.28.4","errors":"","cost":0.0002339}
{"level":"INFO","time":"2021-11-10T16:38:41.280+0800","caller":"BlueBell/main.go:85","msg":"Shutdown Server ..."}
{"level":"INFO","time":"2021-11-10T16:38:41.283+0800","caller":"BlueBell/main.go:94","msg":"Server exiting"}
{"level":"DEBUG","time":"2021-11-10T16:38:48.188+0800","caller":"BlueBell/main.go:39","msg":"logger init success..\n"}
{"level":"INFO","time":"2021-11-10T16:38:57.330+0800","caller":"logger/logger.go:71","msg":"/signup","status":200,"method":"GET","path":"/signup","query":"","ip":"::1","user-agent":"PostmanRuntime/7.28.4","errors":"","cost":0.0005141}
{"level":"ERROR","time":"2021-11-10T16:39:05.812+0800","caller":"controllers/user.go:16","msg":"Sign up with invalid param,","error":"Key: 'ParamSignUp.Username' Error:Field validation for 'Username' failed on the 'required' tag"}
{"level":"INFO","time":"2021-11-10T16:39:05.812+0800","caller":"logger/logger.go:71","msg":"/signup","status":200,"method":"GET","path":"/signup","query":"","ip":"::1","user-agent":"PostmanRuntime/7.28.4","errors":"","cost":0.0002087}
{"level":"ERROR","time":"2021-11-10T16:45:15.705+0800","caller":"controllers/user.go:16","msg":"Sign up with invalid param,","error":"Key: 'ParamSignUp.Username' Error:Field validation for 'Username' failed on the 'required' tag"}
{"level":"INFO","time":"2021-11-10T16:45:15.706+0800","caller":"logger/logger.go:71","msg":"/signup","status":200,"method":"GET","path":"/signup","query":"","ip":"::1","user-agent":"PostmanRuntime/7.28.4","errors":"","cost":0.0008938}
{"level":"INFO","time":"2021-11-10T16:45:30.725+0800","caller":"logger/logger.go:71","msg":"/signup","status":200,"method":"GET","path":"/signup","query":"","ip":"::1","user-agent":"PostmanRuntime/7.28.4","errors":"","cost":0}
{"level":"INFO","time":"2021-11-10T16:45:53.498+0800","caller":"logger/logger.go:71","msg":"/signup","status":200,"method":"GET","path":"/signup","query":"","ip":"::1","user-agent":"PostmanRuntime/7.28.4","errors":"","cost":0}
{"level":"INFO","time":"2021-11-10T16:51:37.194+0800","caller":"logger/logger.go:71","msg":"/signup","status":200,"method":"GET","path":"/signup","query":"","ip":"::1","user-agent":"PostmanRuntime/7.28.4","errors":"","cost":0}
{"level":"INFO","time":"2021-11-10T17:35:14.802+0800","caller":"BlueBell/main.go:85","msg":"Shutdown Server ..."}
{"level":"INFO","time":"2021-11-10T17:35:14.803+0800","caller":"BlueBell/main.go:94","msg":"Server exiting"}
{"level":"DEBUG","time":"2021-11-10T17:35:18.982+0800","caller":"BlueBell/main.go:40","msg":"logger init success..\n"}
{"level":"INFO","time":"2021-11-10T17:35:23.506+0800","caller":"logger/logger.go:71","msg":"/signup","status":200,"method":"GET","path":"/signup","query":"","ip":"::1","user-agent":"PostmanRuntime/7.28.4","errors":"","cost":0.0007098}
{"level":"INFO","time":"2021-11-10T17:35:26.650+0800","caller":"logger/logger.go:71","msg":"/signup","status":200,"method":"GET","path":"/signup","query":"","ip":"::1","user-agent":"PostmanRuntime/7.28.4","errors":"","cost":0}
{"level":"INFO","time":"2021-11-10T17:35:28.352+0800","caller":"logger/logger.go:71","msg":"/signup","status":200,"method":"GET","path":"/signup","query":"","ip":"::1","user-agent":"PostmanRuntime/7.28.4","errors":"","cost":0}
{"level":"ERROR","time":"2021-11-10T17:35:34.717+0800","caller":"controllers/user.go:30","msg":"Sign up with invalid param,","error":"Key: 'ParamSignUp.RePassword' Error:Field validation for 'RePassword' failed on the 'required' tag"}
{"level":"INFO","time":"2021-11-10T17:35:34.717+0800","caller":"logger/logger.go:71","msg":"/signup","status":200,"method":"GET","path":"/signup","query":"","ip":"::1","user-agent":"PostmanRuntime/7.28.4","errors":"","cost":0.0001449}
{"level":"INFO","time":"2021-11-10T17:36:38.440+0800","caller":"BlueBell/main.go:91","msg":"Shutdown Server ..."}
{"level":"INFO","time":"2021-11-10T17:36:38.455+0800","caller":"BlueBell/main.go:100","msg":"Server exiting"}
{"level":"DEBUG","time":"2021-11-10T17:36:42.022+0800","caller":"BlueBell/main.go:40","msg":"logger init success..\n"}
{"level":"ERROR","time":"2021-11-10T17:36:46.354+0800","caller":"controllers/user.go:30","msg":"Sign up with invalid param,","error":"Key: 'ParamSignUp.RePassword' Error:Field validation for 'RePassword' failed on the 'required' tag"}
{"level":"INFO","time":"2021-11-10T17:36:46.354+0800","caller":"logger/logger.go:71","msg":"/signup","status":200,"method":"GET","path":"/signup","query":"","ip":"::1","user-agent":"PostmanRuntime/7.28.4","errors":"","cost":0.0005183}
{"level":"ERROR","time":"2021-11-10T17:36:51.838+0800","caller":"controllers/user.go:30","msg":"Sign up with invalid param,","error":"Key: 'ParamSignUp.RePassword' Error:Field validation for 'RePassword' failed on the 'eqfield' tag"}
{"level":"INFO","time":"2021-11-10T17:36:51.839+0800","caller":"logger/logger.go:71","msg":"/signup","status":200,"method":"GET","path":"/signup","query":"","ip":"::1","user-agent":"PostmanRuntime/7.28.4","errors":"","cost":0.0002086}
{"level":"INFO","time":"2021-11-10T17:39:42.580+0800","caller":"BlueBell/main.go:91","msg":"Shutdown Server ..."}
{"level":"INFO","time":"2021-11-10T17:39:42.596+0800","caller":"BlueBell/main.go:100","msg":"Server exiting"}
{"level":"DEBUG","time":"2021-11-10T17:39:45.679+0800","caller":"BlueBell/main.go:40","msg":"logger init success..\n"}
{"level":"ERROR","time":"2021-11-10T17:39:58.643+0800","caller":"controllers/user.go:30","msg":"Sign up with invalid param,","error":"Key: 'ParamSignUp.re_password' Error:Field validation for 're_password' failed on the 'eqfield' tag"}
{"level":"INFO","time":"2021-11-10T17:39:58.643+0800","caller":"logger/logger.go:71","msg":"/signup","status":200,"method":"GET","path":"/signup","query":"","ip":"::1","user-agent":"PostmanRuntime/7.28.4","errors":"","cost":0.0005664}
{"level":"ERROR","time":"2021-11-10T17:39:59.940+0800","caller":"controllers/user.go:30","msg":"Sign up with invalid param,","error":"Key: 'ParamSignUp.re_password' Error:Field validation for 're_password' failed on the 'eqfield' tag"}
{"level":"INFO","time":"2021-11-10T17:39:59.940+0800","caller":"logger/logger.go:71","msg":"/signup","status":200,"method":"GET","path":"/signup","query":"","ip":"::1","user-agent":"PostmanRuntime/7.28.4","errors":"","cost":0.0005434}
{"level":"ERROR","time":"2021-11-10T17:40:10.841+0800","caller":"controllers/user.go:30","msg":"Sign up with invalid param,","error":"Key: 'ParamSignUp.re_password' Error:Field validation for 're_password' failed on the 'eqfield' tag"}
{"level":"INFO","time":"2021-11-10T17:40:10.842+0800","caller":"logger/logger.go:71","msg":"/signup","status":200,"method":"GET","path":"/signup","query":"","ip":"::1","user-agent":"PostmanRuntime/7.28.4","errors":"","cost":0.0009083}
{"level":"ERROR","time":"2021-11-10T17:40:20.749+0800","caller":"controllers/user.go:30","msg":"Sign up with invalid param,","error":"Key: 'ParamSignUp.re_password' Error:Field validation for 're_password' failed on the 'required' tag"}
{"level":"INFO","time":"2021-11-10T17:40:20.749+0800","caller":"logger/logger.go:71","msg":"/signup","status":200,"method":"GET","path":"/signup","query":"","ip":"::1","user-agent":"PostmanRuntime/7.28.4","errors":"","cost":0.000151}
{"level":"INFO","time":"2021-11-10T18:31:07.960+0800","caller":"BlueBell/main.go:91","msg":"Shutdown Server ..."}
{"level":"INFO","time":"2021-11-10T18:31:07.961+0800","caller":"BlueBell/main.go:100","msg":"Server exiting"}
{"level":"DEBUG","time":"2021-11-10T18:31:16.535+0800","caller":"BlueBell/main.go:40","msg":"logger init success..\n"}
{"level":"ERROR","time":"2021-11-10T18:31:34.615+0800","caller":"logic/user.go:17","msg":"Check user exist failed,","error":"Error 1146: Table 'web_app.user' doesn't exist"}
{"level":"INFO","time":"2021-11-10T18:31:34.615+0800","caller":"logger/logger.go:71","msg":"/signup","status":200,"method":"GET","path":"/signup","query":"","ip":"::1","user-agent":"PostmanRuntime/7.28.4","errors":"","cost":0.0501922}
{"level":"ERROR","time":"2021-11-10T18:34:36.264+0800","caller":"logic/user.go:17","msg":"Check user exist failed,","error":"Error 1146: Table 'web_app.user' doesn't exist"}
{"level":"INFO","time":"2021-11-10T18:34:36.264+0800","caller":"logger/logger.go:71","msg":"/signup","status":200,"method":"GET","path":"/signup","query":"","ip":"::1","user-agent":"PostmanRuntime/7.28.4","errors":"","cost":0.0052122}
{"level":"ERROR","time":"2021-11-10T18:35:00.531+0800","caller":"logic/user.go:17","msg":"Check user exist failed,","error":"Error 1146: Table 'web_app.user' doesn't exist"}
{"level":"INFO","time":"2021-11-10T18:35:00.531+0800","caller":"logger/logger.go:71","msg":"/signup","status":200,"method":"GET","path":"/signup","query":"","ip":"::1","user-agent":"PostmanRuntime/7.28.4","errors":"","cost":0.0025629}
{"level":"INFO","time":"2021-11-10T18:37:46.150+0800","caller":"BlueBell/main.go:91","msg":"Shutdown Server ..."}
{"level":"INFO","time":"2021-11-10T18:37:46.161+0800","caller":"BlueBell/main.go:100","msg":"Server exiting"}
{"level":"DEBUG","time":"2021-11-10T18:37:49.870+0800","caller":"BlueBell/main.go:40","msg":"logger init success..\n"}
{"level":"INFO","time":"2021-11-10T18:37:53.889+0800","caller":"logger/logger.go:71","msg":"/signup","status":200,"method":"GET","path":"/signup","query":"","ip":"::1","user-agent":"PostmanRuntime/7.28.4","errors":"","cost":0.0608266}
{"level":"INFO","time":"2021-11-10T18:38:35.140+0800","caller":"logger/logger.go:71","msg":"/signup","status":200,"method":"GET","path":"/signup","query":"","ip":"::1","user-agent":"PostmanRuntime/7.28.4","errors":"","cost":0.0075112}
{"level":"INFO","time":"2021-11-10T18:40:31.716+0800","caller":"BlueBell/main.go:91","msg":"Shutdown Server ..."}
{"level":"INFO","time":"2021-11-10T18:40:31.725+0800","caller":"BlueBell/main.go:100","msg":"Server exiting"}
{"level":"DEBUG","time":"2021-11-10T18:40:34.944+0800","caller":"BlueBell/main.go:40","msg":"logger init success..\n"}
{"level":"ERROR","time":"2021-11-10T18:40:41.234+0800","caller":"logic/user.go:17","msg":"Check user exist failed,","error":"Error 1146: Table 'test.user' doesn't exist"}
{"level":"INFO","time":"2021-11-10T18:40:41.234+0800","caller":"logger/logger.go:71","msg":"/signup","status":200,"method":"GET","path":"/signup","query":"","ip":"::1","user-agent":"PostmanRuntime/7.28.4","errors":"","cost":0.0072833}
{"level":"ERROR","time":"2021-11-10T18:41:23.194+0800","caller":"logic/user.go:17","msg":"Check user exist failed,","error":"Error 1146: Table 'test.user' doesn't exist"}
{"level":"INFO","time":"2021-11-10T18:41:23.194+0800","caller":"logger/logger.go:71","msg":"/signup","status":200,"method":"GET","path":"/signup","query":"","ip":"::1","user-agent":"PostmanRuntime/7.28.4","errors":"","cost":0.0035888}
{"level":"ERROR","time":"2021-11-10T18:41:26.065+0800","caller":"logic/user.go:17","msg":"Check user exist failed,","error":"Error 1146: Table 'test.user' doesn't exist"}
{"level":"INFO","time":"2021-11-10T18:41:26.065+0800","caller":"logger/logger.go:71","msg":"/signup","status":200,"method":"GET","path":"/signup","query":"","ip":"::1","user-agent":"PostmanRuntime/7.28.4","errors":"","cost":0.0028943}
{"level":"ERROR","time":"2021-11-10T18:41:41.673+0800","caller":"logic/user.go:17","msg":"Check user exist failed,","error":"Error 1146: Table 'test.user' doesn't exist"}
{"level":"INFO","time":"2021-11-10T18:41:41.673+0800","caller":"logger/logger.go:71","msg":"/signup","status":200,"method":"GET","path":"/signup","query":"","ip":"::1","user-agent":"PostmanRuntime/7.28.4","errors":"","cost":0.0028331}
{"level":"ERROR","time":"2021-11-10T18:42:02.069+0800","caller":"logic/user.go:17","msg":"Check user exist failed,","error":"Error 1146: Table 'test.user' doesn't exist"}
{"level":"INFO","time":"2021-11-10T18:42:02.069+0800","caller":"logger/logger.go:71","msg":"/signup","status":200,"method":"GET","path":"/signup","query":"","ip":"::1","user-agent":"PostmanRuntime/7.28.4","errors":"","cost":0.0027761}
{"level":"ERROR","time":"2021-11-10T18:42:05.445+0800","caller":"controllers/user.go:30","msg":"Sign up with invalid param,","error":"Key: 'ParamSignUp.re_password' Error:Field validation for 're_password' failed on the 'eqfield' tag"}
{"level":"INFO","time":"2021-11-10T18:42:05.445+0800","caller":"logger/logger.go:71","msg":"/signup","status":200,"method":"GET","path":"/signup","query":"","ip":"::1","user-agent":"PostmanRuntime/7.28.4","errors":"","cost":0.000515}
{"level":"ERROR","time":"2021-11-10T18:42:09.336+0800","caller":"logic/user.go:17","msg":"Check user exist failed,","error":"Error 1146: Table 'test.user' doesn't exist"}
{"level":"INFO","time":"2021-11-10T18:42:09.336+0800","caller":"logger/logger.go:71","msg":"/signup","status":200,"method":"GET","path":"/signup","query":"","ip":"::1","user-agent":"PostmanRuntime/7.28.4","errors":"","cost":0.0032174}
{"level":"ERROR","time":"2021-11-10T18:43:29.608+0800","caller":"logic/user.go:17","msg":"Check user exist failed,","error":"Error 1146: Table 'test.user' doesn't exist"}
{"level":"INFO","time":"2021-11-10T18:43:29.608+0800","caller":"logger/logger.go:71","msg":"/signup","status":200,"method":"GET","path":"/signup","query":"","ip":"::1","user-agent":"PostmanRuntime/7.28.4","errors":"","cost":0.0024385}
{"level":"ERROR","time":"2021-11-10T18:44:12.549+0800","caller":"logic/user.go:17","msg":"Check user exist failed,","error":"Error 1146: Table 'test.user' doesn't exist"}
{"level":"INFO","time":"2021-11-10T18:44:12.550+0800","caller":"logger/logger.go:71","msg":"/signup","status":200,"method":"GET","path":"/signup","query":"","ip":"::1","user-agent":"PostmanRuntime/7.28.4","errors":"","cost":0.0032853}
{"level":"INFO","time":"2021-11-10T18:46:07.209+0800","caller":"BlueBell/main.go:91","msg":"Shutdown Server ..."}
{"level":"INFO","time":"2021-11-10T18:46:07.215+0800","caller":"BlueBell/main.go:100","msg":"Server exiting"}
{"level":"DEBUG","time":"2021-11-10T18:46:11.161+0800","caller":"BlueBell/main.go:40","msg":"logger init success..\n"}
{"level":"INFO","time":"2021-11-10T18:46:15.021+0800","caller":"logger/logger.go:71","msg":"/signup","status":200,"method":"GET","path":"/signup","query":"","ip":"::1","user-agent":"PostmanRuntime/7.28.4","errors":"","cost":0.0053528}
{"level":"INFO","time":"2021-11-10T18:46:52.148+0800","caller":"BlueBell/main.go:91","msg":"Shutdown Server ..."}
{"level":"INFO","time":"2021-11-10T18:46:52.155+0800","caller":"BlueBell/main.go:100","msg":"Server exiting"}
{"level":"DEBUG","time":"2021-11-10T18:46:55.164+0800","caller":"BlueBell/main.go:40","msg":"logger init success..\n"}
{"level":"INFO","time":"2021-11-10T18:47:01.948+0800","caller":"logger/logger.go:71","msg":"/signup","status":200,"method":"GET","path":"/signup","query":"","ip":"::1","user-agent":"PostmanRuntime/7.28.4","errors":"","cost":0.0046499}
{"level":"INFO","time":"2021-11-10T18:47:25.974+0800","caller":"logger/logger.go:71","msg":"/signup","status":200,"method":"GET","path":"/signup","query":"","ip":"::1","user-agent":"PostmanRuntime/7.28.4","errors":"","cost":0.0038639}
{"level":"INFO","time":"2021-11-10T18:48:27.960+0800","caller":"logger/logger.go:71","msg":"/signup","status":200,"method":"GET","path":"/signup","query":"","ip":"::1","user-agent":"PostmanRuntime/7.28.4","errors":"","cost":0.0046658}
{"level":"ERROR","time":"2021-11-10T18:48:40.223+0800","caller":"controllers/user.go:30","msg":"Sign up with invalid param,","error":"Key: 'ParamSignUp.re_password' Error:Field validation for 're_password' failed on the 'eqfield' tag"}
{"level":"INFO","time":"2021-11-10T18:48:40.223+0800","caller":"logger/logger.go:71","msg":"/signup","status":200,"method":"GET","path":"/signup","query":"","ip":"::1","user-agent":"PostmanRuntime/7.28.4","errors":"","cost":0.000564}
{"level":"INFO","time":"2021-11-10T18:48:45.020+0800","caller":"logger/logger.go:71","msg":"/signup","status":200,"method":"GET","path":"/signup","query":"","ip":"::1","user-agent":"PostmanRuntime/7.28.4","errors":"","cost":0.0050062}
{"level":"INFO","time":"2021-11-10T18:49:05.710+0800","caller":"logger/logger.go:71","msg":"/signup","status":200,"method":"GET","path":"/signup","query":"","ip":"::1","user-agent":"PostmanRuntime/7.28.4","errors":"","cost":0}
{"level":"ERROR","time":"2021-11-10T18:49:14.438+0800","caller":"controllers/user.go:30","msg":"Sign up with invalid param,","error":"Key: 'ParamSignUp.password' Error:Field validation for 'password' failed on the 'required' tag\nKey: 'ParamSignUp.re_password' Error:Field validation for 're_password' failed on the 'required' tag"}
{"level":"INFO","time":"2021-11-10T18:49:14.438+0800","caller":"logger/logger.go:71","msg":"/signup","status":200,"method":"GET","path":"/signup","query":"","ip":"::1","user-agent":"PostmanRuntime/7.28.4","errors":"","cost":0.000694}
{"level":"INFO","time":"2021-11-10T18:49:22.513+0800","caller":"logger/logger.go:71","msg":"/signup","status":200,"method":"GET","path":"/signup","query":"","ip":"::1","user-agent":"PostmanRuntime/7.28.4","errors":"","cost":0.0160968}
{"level":"INFO","time":"2021-11-10T18:50:29.740+0800","caller":"BlueBell/main.go:91","msg":"Shutdown Server ..."}
{"level":"INFO","time":"2021-11-10T18:50:29.747+0800","caller":"BlueBell/main.go:100","msg":"Server exiting"}
{"level":"DEBUG","time":"2021-11-10T18:50:45.918+0800","caller":"BlueBell/main.go:40","msg":"logger init success..\n"}
{"level":"ERROR","time":"2021-11-10T18:50:45.925+0800","caller":"mysql/mysql.go:26","msg":"connect DB failed","error":"Error 1049: Unknown database 'blue'"}
{"level":"DEBUG","time":"2021-11-10T18:51:16.636+0800","caller":"BlueBell/main.go:40","msg":"logger init success..\n"}
{"level":"INFO","time":"2021-11-10T18:51:19.997+0800","caller":"logger/logger.go:71","msg":"/signup","status":200,"method":"GET","path":"/signup","query":"","ip":"::1","user-agent":"PostmanRuntime/7.28.4","errors":"","cost":0.0064726}
{"level":"INFO","time":"2021-11-10T18:51:29.648+0800","caller":"BlueBell/main.go:91","msg":"Shutdown Server ..."}
{"level":"INFO","time":"2021-11-10T18:51:29.656+0800","caller":"BlueBell/main.go:100","msg":"Server exiting"}
{"level":"DEBUG","time":"2021-11-10T19:30:16.692+0800","caller":"BlueBell/main.go:40","msg":"logger init success..\n"}
{"level":"INFO","time":"2021-11-10T19:30:23.678+0800","caller":"logger/logger.go:75","msg":"/signup","status":200,"method":"GET","path":"/signup","query":"","ip":"::1","user-agent":"PostmanRuntime/7.28.4","errors":"","cost":0.004512}
{"level":"INFO","time":"2021-11-10T19:30:54.708+0800","caller":"BlueBell/main.go:91","msg":"Shutdown Server ..."}
{"level":"INFO","time":"2021-11-10T19:30:54.724+0800","caller":"BlueBell/main.go:100","msg":"Server exiting"}
{"level":"DEBUG","time":"2021-11-10T19:36:11.161+0800","caller":"BlueBell/main.go:40","msg":"logger init success..\n"}
{"level":"INFO","time":"2021-11-10T19:36:14.836+0800","caller":"BlueBell/main.go:91","msg":"Shutdown Server ..."}
{"level":"INFO","time":"2021-11-10T19:36:14.839+0800","caller":"BlueBell/main.go:100","msg":"Server exiting"}
{"level":"DEBUG","time":"2021-11-10T19:37:23.474+0800","caller":"BlueBell/main.go:40","msg":"logger init success..\n"}
{"level":"INFO","time":"2021-11-10T19:37:32.689+0800","caller":"logger/logger.go:79","msg":"/signup","status":200,"method":"GET","path":"/signup","query":"","ip":"::1","user-agent":"PostmanRuntime/7.28.4","errors":"","cost":0.0048613}
{"level":"INFO","time":"2021-11-10T19:37:35.866+0800","caller":"BlueBell/main.go:91","msg":"Shutdown Server ..."}
{"level":"INFO","time":"2021-11-10T19:37:35.881+0800","caller":"BlueBell/main.go:100","msg":"Server exiting"}
{"level":"DEBUG","time":"2021-11-11T15:26:06.465+0800","caller":"BlueBell/main.go:40","msg":"logger init success..\n"}
{"level":"INFO","time":"2021-11-11T15:26:12.193+0800","caller":"BlueBell/main.go:91","msg":"Shutdown Server ..."}
{"level":"INFO","time":"2021-11-11T15:26:12.203+0800","caller":"BlueBell/main.go:100","msg":"Server exiting"}
{"level":"DEBUG","time":"2021-11-11T15:26:23.332+0800","caller":"BlueBell/main.go:40","msg":"logger init success..\n"}
{"level":"ERROR","time":"2021-11-11T15:27:25.894+0800","caller":"controllers/user.go:72","msg":"用户登录失败","error":"该用户不存在"}
{"level":"INFO","time":"2021-11-11T15:27:25.894+0800","caller":"logger/logger.go:79","msg":"/login","status":200,"method":"GET","path":"/login","query":"","ip":"::1","user-agent":"PostmanRuntime/7.28.4","errors":"","cost":0.0641281}
{"level":"ERROR","time":"2021-11-11T15:27:44.519+0800","caller":"controllers/user.go:72","msg":"用户登录失败","error":"该用户不存在"}
{"level":"INFO","time":"2021-11-11T15:27:44.519+0800","caller":"logger/logger.go:79","msg":"/login","status":200,"method":"GET","path":"/login","query":"","ip":"::1","user-agent":"PostmanRuntime/7.28.4","errors":"","cost":0.0051667}
{"level":"INFO","time":"2021-11-11T15:28:25.827+0800","caller":"BlueBell/main.go:91","msg":"Shutdown Server ..."}
{"level":"INFO","time":"2021-11-11T15:28:25.842+0800","caller":"BlueBell/main.go:100","msg":"Server exiting"}
{"level":"DEBUG","time":"2021-11-11T15:28:28.432+0800","caller":"BlueBell/main.go:40","msg":"logger init success..\n"}
{"level":"ERROR","time":"2021-11-11T15:28:33.177+0800","caller":"controllers/user.go:72","msg":"用户登录失败","error":"scannable dest type ptr with >1 columns (3) in result"}
{"level":"INFO","time":"2021-11-11T15:28:33.178+0800","caller":"logger/logger.go:79","msg":"/login","status":200,"method":"GET","path":"/login","query":"","ip":"::1","user-agent":"PostmanRuntime/7.28.4","errors":"","cost":0.0062409}
{"level":"INFO","time":"2021-11-11T15:32:13.600+0800","caller":"BlueBell/main.go:91","msg":"Shutdown Server ..."}
{"level":"INFO","time":"2021-11-11T15:32:13.612+0800","caller":"BlueBell/main.go:100","msg":"Server exiting"}
{"level":"DEBUG","time":"2021-11-11T15:32:16.131+0800","caller":"BlueBell/main.go:40","msg":"logger init success..\n"}
{"level":"INFO","time":"2021-11-11T15:32:21.806+0800","caller":"logger/logger.go:79","msg":"/login","status":200,"method":"GET","path":"/login","query":"","ip":"::1","user-agent":"PostmanRuntime/7.28.4","errors":"","cost":0.0044114}
{"level":"ERROR","time":"2021-11-11T15:32:25.628+0800","caller":"controllers/user.go:72","msg":"用户登录失败","error":"登录失败，密码不一致"}
{"level":"INFO","time":"2021-11-11T15:32:25.629+0800","caller":"logger/logger.go:79","msg":"/login","status":200,"method":"GET","path":"/login","query":"","ip":"::1","user-agent":"PostmanRuntime/7.28.4","errors":"","cost":0.0051462}
{"level":"ERROR","time":"2021-11-11T15:32:32.145+0800","caller":"controllers/user.go:72","msg":"用户登录失败","error":"该用户不存在"}
{"level":"INFO","time":"2021-11-11T15:32:32.146+0800","caller":"logger/logger.go:79","msg":"/login","status":200,"method":"GET","path":"/login","query":"","ip":"::1","user-agent":"PostmanRuntime/7.28.4","errors":"","cost":0.0049092}
{"level":"ERROR","time":"2021-11-11T15:33:13.464+0800","caller":"controllers/user.go:61","msg":"Login with invalid param","error":"Key: 'ParamLogin.password' Error:Field validation for 'password' failed on the 'required' tag"}
{"level":"INFO","time":"2021-11-11T15:33:13.465+0800","caller":"logger/logger.go:79","msg":"/login","status":200,"method":"GET","path":"/login","query":"","ip":"::1","user-agent":"PostmanRuntime/7.28.4","errors":"","cost":0.0010539}
{"level":"ERROR","time":"2021-11-11T15:33:37.726+0800","caller":"controllers/user.go:72","msg":"用户登录失败","error":"该用户不存在"}
{"level":"INFO","time":"2021-11-11T15:33:37.727+0800","caller":"logger/logger.go:79","msg":"/login","status":200,"method":"GET","path":"/login","query":"","ip":"::1","user-agent":"PostmanRuntime/7.28.4","errors":"","cost":0.0042592}
{"level":"INFO","time":"2021-11-11T15:35:24.852+0800","caller":"BlueBell/main.go:91","msg":"Shutdown Server ..."}
{"level":"INFO","time":"2021-11-11T15:35:24.862+0800","caller":"BlueBell/main.go:100","msg":"Server exiting"}
{"level":"DEBUG","time":"2021-11-11T15:35:27.508+0800","caller":"BlueBell/main.go:40","msg":"logger init success..\n"}
{"level":"ERROR","time":"2021-11-11T15:35:31.258+0800","caller":"controllers/user.go:72","msg":"用户登录失败","error":"nexbin2:该用户不存在"}
{"level":"INFO","time":"2021-11-11T15:35:31.258+0800","caller":"logger/logger.go:79","msg":"/login","status":200,"method":"GET","path":"/login","query":"","ip":"::1","user-agent":"PostmanRuntime/7.28.4","errors":"","cost":0.005737}
{"level":"INFO","time":"2021-11-11T15:36:29.908+0800","caller":"BlueBell/main.go:91","msg":"Shutdown Server ..."}
{"level":"INFO","time":"2021-11-11T15:36:29.920+0800","caller":"BlueBell/main.go:100","msg":"Server exiting"}
{"level":"DEBUG","time":"2021-11-11T17:10:12.030+0800","caller":"BlueBell/main.go:40","msg":"logger init success..\n"}
{"level":"ERROR","time":"2021-11-11T17:10:18.063+0800","caller":"controllers/user.go:63","msg":"用户登录失败","error":"用户不存在"}
{"level":"INFO","time":"2021-11-11T17:10:18.063+0800","caller":"logger/logger.go:79","msg":"/login","status":200,"method":"GET","path":"/login","query":"","ip":"::1","user-agent":"PostmanRuntime/7.28.4","errors":"","cost":0.0227467}
{"level":"ERROR","time":"2021-11-11T17:10:27.218+0800","caller":"controllers/user.go:63","msg":"用户登录失败","error":"用户不存在"}
{"level":"INFO","time":"2021-11-11T17:10:27.219+0800","caller":"logger/logger.go:79","msg":"/login","status":200,"method":"GET","path":"/login","query":"","ip":"::1","user-agent":"PostmanRuntime/7.28.4","errors":"","cost":0.004575}
{"level":"INFO","time":"2021-11-11T17:10:32.223+0800","caller":"logger/logger.go:79","msg":"/login","status":200,"method":"GET","path":"/login","query":"","ip":"::1","user-agent":"PostmanRuntime/7.28.4","errors":"","cost":0.0061785}
{"level":"INFO","time":"2021-11-11T17:11:10.893+0800","caller":"BlueBell/main.go:91","msg":"Shutdown Server ..."}
{"level":"INFO","time":"2021-11-11T17:11:10.907+0800","caller":"BlueBell/main.go:100","msg":"Server exiting"}
{"level":"DEBUG","time":"2021-11-11T17:20:05.433+0800","caller":"BlueBell/main.go:40","msg":"logger init success..\n"}
{"level":"INFO","time":"2021-11-11T17:20:21.628+0800","caller":"logger/logger.go:79","msg":"/login","status":200,"method":"POST","path":"/login","query":"","ip":"::1","user-agent":"PostmanRuntime/7.28.4","errors":"","cost":0.0072128}
{"level":"INFO","time":"2021-11-11T17:20:30.520+0800","caller":"BlueBell/main.go:91","msg":"Shutdown Server ..."}
{"level":"INFO","time":"2021-11-11T17:20:30.529+0800","caller":"BlueBell/main.go:100","msg":"Server exiting"}
{"level":"DEBUG","time":"2021-11-11T17:25:33.386+0800","caller":"BlueBell/main.go:40","msg":"logger init success..\n"}
{"level":"INFO","time":"2021-11-11T17:25:39.321+0800","caller":"BlueBell/main.go:91","msg":"Shutdown Server ..."}
{"level":"INFO","time":"2021-11-11T17:25:39.331+0800","caller":"BlueBell/main.go:100","msg":"Server exiting"}
{"level":"DEBUG","time":"2021-11-11T18:10:27.382+0800","caller":"BlueBell/main.go:40","msg":"logger init success..\n"}
{"level":"INFO","time":"2021-11-11T18:10:36.320+0800","caller":"logger/logger.go:79","msg":"/login","status":200,"method":"POST","path":"/login","query":"","ip":"::1","user-agent":"PostmanRuntime/7.28.4","errors":"","cost":0.0078936}
{"level":"INFO","time":"2021-11-11T18:10:42.335+0800","caller":"BlueBell/main.go:91","msg":"Shutdown Server ..."}
{"level":"INFO","time":"2021-11-11T18:10:42.345+0800","caller":"BlueBell/main.go:100","msg":"Server exiting"}
{"level":"DEBUG","time":"2021-11-11T18:11:16.274+0800","caller":"BlueBell/main.go:40","msg":"logger init success..\n"}
{"level":"INFO","time":"2021-11-11T18:12:11.678+0800","caller":"BlueBell/main.go:91","msg":"Shutdown Server ..."}
{"level":"INFO","time":"2021-11-11T18:12:11.693+0800","caller":"BlueBell/main.go:100","msg":"Server exiting"}
{"level":"DEBUG","time":"2021-11-11T18:13:34.333+0800","caller":"BlueBell/main.go:40","msg":"logger init success..\n"}
{"level":"INFO","time":"2021-11-11T18:13:59.918+0800","caller":"logger/logger.go:79","msg":"/login","status":200,"method":"POST","path":"/login","query":"","ip":"::1","user-agent":"PostmanRuntime/7.28.4","errors":"","cost":0.0036521}
{"level":"INFO","time":"2021-11-11T18:14:39.096+0800","caller":"BlueBell/main.go:91","msg":"Shutdown Server ..."}
{"level":"INFO","time":"2021-11-11T18:14:39.101+0800","caller":"BlueBell/main.go:100","msg":"Server exiting"}
{"level":"DEBUG","time":"2021-11-11T22:02:37.415+0800","caller":"BlueBell/main.go:40","msg":"logger init success..\n"}
{"level":"ERROR","time":"2021-11-11T22:02:39.465+0800","caller":"mysql/mysql.go:26","msg":"connect DB failed","error":"dial tcp 127.0.0.1:3306: connectex: No connection could be made because the target machine actively refused it."}
{"level":"DEBUG","time":"2021-11-11T22:04:05.798+0800","caller":"BlueBell/main.go:40","msg":"logger init success..\n"}
{"level":"INFO","time":"2021-11-11T22:04:28.180+0800","caller":"logger/logger.go:79","msg":"/login","status":200,"method":"POST","path":"/login","query":"","ip":"::1","user-agent":"PostmanRuntime/7.28.4","errors":"","cost":0.0152132}
{"level":"INFO","time":"2021-11-11T22:06:07.484+0800","caller":"logger/logger.go:79","msg":"/login","status":200,"method":"POST","path":"/login","query":"","ip":"::1","user-agent":"PostmanRuntime/7.28.4","errors":"","cost":0.0058875}
{"level":"INFO","time":"2021-11-11T22:06:08.559+0800","caller":"logger/logger.go:79","msg":"/login","status":200,"method":"POST","path":"/login","query":"","ip":"::1","user-agent":"PostmanRuntime/7.28.4","errors":"","cost":0.0032337}
{"level":"INFO","time":"2021-11-11T22:06:10.063+0800","caller":"logger/logger.go:79","msg":"/login","status":200,"method":"POST","path":"/login","query":"","ip":"::1","user-agent":"PostmanRuntime/7.28.4","errors":"","cost":0.0047196}
{"level":"INFO","time":"2021-11-11T22:06:39.269+0800","caller":"logger/logger.go:79","msg":"/login","status":200,"method":"POST","path":"/login","query":"","ip":"::1","user-agent":"PostmanRuntime/7.28.4","errors":"","cost":0.0060876}
{"level":"INFO","time":"2021-11-11T22:06:42.404+0800","caller":"logger/logger.go:79","msg":"/login","status":200,"method":"POST","path":"/login","query":"","ip":"::1","user-agent":"PostmanRuntime/7.28.4","errors":"","cost":0.0053693}
{"level":"INFO","time":"2021-11-11T22:30:15.247+0800","caller":"BlueBell/main.go:91","msg":"Shutdown Server ..."}
{"level":"INFO","time":"2021-11-11T22:30:15.256+0800","caller":"BlueBell/main.go:100","msg":"Server exiting"}
{"level":"DEBUG","time":"2021-11-11T22:30:18.634+0800","caller":"BlueBell/main.go:40","msg":"logger init success..\n"}
{"level":"INFO","time":"2021-11-11T22:30:28.387+0800","caller":"logger/logger.go:79","msg":"/","status":200,"method":"GET","path":"/","query":"","ip":"::1","user-agent":"Mozilla/5.0 (Windows NT 10.0; Win64; x64) AppleWebKit/537.36 (KHTML, like Gecko) Chrome/95.0.4638.69 Safari/537.36 Edg/95.0.1020.44","errors":"","cost":0}
{"level":"INFO","time":"2021-11-11T22:30:28.666+0800","caller":"logger/logger.go:79","msg":"/favicon.ico","status":404,"method":"GET","path":"/favicon.ico","query":"","ip":"::1","user-agent":"Mozilla/5.0 (Windows NT 10.0; Win64; x64) AppleWebKit/537.36 (KHTML, like Gecko) Chrome/95.0.4638.69 Safari/537.36 Edg/95.0.1020.44","errors":"","cost":0}
{"level":"INFO","time":"2021-11-11T22:30:32.535+0800","caller":"logger/logger.go:79","msg":"/ping","status":200,"method":"GET","path":"/ping","query":"","ip":"::1","user-agent":"Mozilla/5.0 (Windows NT 10.0; Win64; x64) AppleWebKit/537.36 (KHTML, like Gecko) Chrome/95.0.4638.69 Safari/537.36 Edg/95.0.1020.44","errors":"","cost":0.0008582}
{"level":"INFO","time":"2021-11-11T22:30:48.021+0800","caller":"logger/logger.go:79","msg":"/login","status":200,"method":"POST","path":"/login","query":"","ip":"::1","user-agent":"PostmanRuntime/7.28.4","errors":"","cost":0.0070095}
{"level":"INFO","time":"2021-11-11T22:30:59.673+0800","caller":"logger/logger.go:79","msg":"/ping","status":200,"method":"GET","path":"/ping","query":"","ip":"::1","user-agent":"PostmanRuntime/7.28.4","errors":"","cost":0}
{"level":"INFO","time":"2021-11-11T22:31:32.462+0800","caller":"BlueBell/main.go:91","msg":"Shutdown Server ..."}
{"level":"INFO","time":"2021-11-11T22:31:32.475+0800","caller":"BlueBell/main.go:100","msg":"Server exiting"}
{"level":"DEBUG","time":"2021-11-11T22:31:35.232+0800","caller":"BlueBell/main.go:40","msg":"logger init success..\n"}
{"level":"INFO","time":"2021-11-11T22:31:53.602+0800","caller":"logger/logger.go:79","msg":"/login","status":200,"method":"POST","path":"/login","query":"","ip":"::1","user-agent":"PostmanRuntime/7.28.4","errors":"","cost":0.0049275}
{"level":"INFO","time":"2021-11-11T22:32:06.359+0800","caller":"logger/logger.go:79","msg":"/ping","status":200,"method":"GET","path":"/ping","query":"","ip":"::1","user-agent":"PostmanRuntime/7.28.4","errors":"","cost":0.0007541}
{"level":"INFO","time":"2021-11-11T22:37:52.556+0800","caller":"BlueBell/main.go:91","msg":"Shutdown Server ..."}
{"level":"INFO","time":"2021-11-11T22:37:52.566+0800","caller":"BlueBell/main.go:100","msg":"Server exiting"}
{"level":"DEBUG","time":"2021-11-11T22:37:55.176+0800","caller":"BlueBell/main.go:40","msg":"logger init success..\n"}
{"level":"INFO","time":"2021-11-11T22:38:00.258+0800","caller":"logger/logger.go:79","msg":"/ping","status":200,"method":"GET","path":"/ping","query":"","ip":"::1","user-agent":"PostmanRuntime/7.28.4","errors":"","cost":0.0008658}
{"level":"INFO","time":"2021-11-11T22:38:01.763+0800","caller":"logger/logger.go:79","msg":"/ping","status":200,"method":"GET","path":"/ping","query":"","ip":"::1","user-agent":"PostmanRuntime/7.28.4","errors":"","cost":0}
{"level":"INFO","time":"2021-11-11T22:38:42.317+0800","caller":"logger/logger.go:79","msg":"/login","status":200,"method":"POST","path":"/login","query":"","ip":"::1","user-agent":"PostmanRuntime/7.28.4","errors":"","cost":0.006432}
{"level":"INFO","time":"2021-11-11T22:38:57.645+0800","caller":"logger/logger.go:79","msg":"/ping","status":200,"method":"GET","path":"/ping","query":"","ip":"::1","user-agent":"PostmanRuntime/7.28.4","errors":"","cost":0}
{"level":"INFO","time":"2021-11-11T22:39:36.852+0800","caller":"BlueBell/main.go:91","msg":"Shutdown Server ..."}
{"level":"INFO","time":"2021-11-11T22:39:36.856+0800","caller":"BlueBell/main.go:100","msg":"Server exiting"}
{"level":"DEBUG","time":"2021-11-11T22:39:56.187+0800","caller":"BlueBell/main.go:40","msg":"logger init success..\n"}
{"level":"INFO","time":"2021-11-11T22:40:02.312+0800","caller":"logger/logger.go:79","msg":"/ping","status":200,"method":"GET","path":"/ping","query":"","ip":"::1","user-agent":"PostmanRuntime/7.28.4","errors":"","cost":0}
{"level":"INFO","time":"2021-11-11T22:40:03.298+0800","caller":"logger/logger.go:79","msg":"/ping","status":200,"method":"GET","path":"/ping","query":"","ip":"::1","user-agent":"PostmanRuntime/7.28.4","errors":"","cost":0}
{"level":"ERROR","time":"2021-11-11T22:40:07.499+0800","caller":"controllers/user.go:64","msg":"用户登录失败","error":"用户不存在"}
{"level":"INFO","time":"2021-11-11T22:40:07.500+0800","caller":"logger/logger.go:79","msg":"/login","status":200,"method":"POST","path":"/login","query":"","ip":"::1","user-agent":"PostmanRuntime/7.28.4","errors":"","cost":0.0061578}
{"level":"INFO","time":"2021-11-11T22:40:23.791+0800","caller":"logger/logger.go:79","msg":"/ping","status":404,"method":"POST","path":"/ping","query":"","ip":"::1","user-agent":"PostmanRuntime/7.28.4","errors":"","cost":0}
{"level":"INFO","time":"2021-11-11T22:40:27.360+0800","caller":"logger/logger.go:79","msg":"/ping","status":200,"method":"GET","path":"/ping","query":"","ip":"::1","user-agent":"PostmanRuntime/7.28.4","errors":"","cost":0}
{"level":"INFO","time":"2021-11-11T22:40:48.375+0800","caller":"logger/logger.go:79","msg":"/ping","status":200,"method":"GET","path":"/ping","query":"","ip":"::1","user-agent":"PostmanRuntime/7.28.4","errors":"","cost":0}
{"level":"INFO","time":"2021-11-11T22:41:06.385+0800","caller":"logger/logger.go:79","msg":"/login","status":200,"method":"POST","path":"/login","query":"","ip":"::1","user-agent":"PostmanRuntime/7.28.4","errors":"","cost":0.0039924}
{"level":"INFO","time":"2021-11-11T23:03:54.742+0800","caller":"BlueBell/main.go:91","msg":"Shutdown Server ..."}
{"level":"INFO","time":"2021-11-11T23:03:54.756+0800","caller":"BlueBell/main.go:100","msg":"Server exiting"}
{"level":"DEBUG","time":"2021-11-11T23:11:11.971+0800","caller":"BlueBell/main.go:40","msg":"logger init success..\n"}
{"level":"INFO","time":"2021-11-11T23:11:18.053+0800","caller":"logger/logger.go:79","msg":"/login","status":200,"method":"POST","path":"/login","query":"","ip":"::1","user-agent":"PostmanRuntime/7.28.4","errors":"","cost":0.0075485}
{"level":"INFO","time":"2021-11-11T23:11:27.671+0800","caller":"logger/logger.go:79","msg":"/ping","status":200,"method":"GET","path":"/ping","query":"","ip":"::1","user-agent":"PostmanRuntime/7.28.4","errors":"","cost":0}
{"level":"INFO","time":"2021-11-11T23:11:28.913+0800","caller":"logger/logger.go:79","msg":"/ping","status":200,"method":"GET","path":"/ping","query":"","ip":"::1","user-agent":"PostmanRuntime/7.28.4","errors":"","cost":0}
{"level":"INFO","time":"2021-11-11T23:11:29.538+0800","caller":"logger/logger.go:79","msg":"/ping","status":200,"method":"GET","path":"/ping","query":"","ip":"::1","user-agent":"PostmanRuntime/7.28.4","errors":"","cost":0}
{"level":"INFO","time":"2021-11-11T23:11:30.043+0800","caller":"logger/logger.go:79","msg":"/ping","status":200,"method":"GET","path":"/ping","query":"","ip":"::1","user-agent":"PostmanRuntime/7.28.4","errors":"","cost":0}
{"level":"INFO","time":"2021-11-11T23:11:30.431+0800","caller":"logger/logger.go:79","msg":"/ping","status":200,"method":"GET","path":"/ping","query":"","ip":"::1","user-agent":"PostmanRuntime/7.28.4","errors":"","cost":0}
{"level":"INFO","time":"2021-11-11T23:11:30.833+0800","caller":"logger/logger.go:79","msg":"/ping","status":200,"method":"GET","path":"/ping","query":"","ip":"::1","user-agent":"PostmanRuntime/7.28.4","errors":"","cost":0}
{"level":"INFO","time":"2021-11-11T23:11:31.173+0800","caller":"logger/logger.go:79","msg":"/ping","status":200,"method":"GET","path":"/ping","query":"","ip":"::1","user-agent":"PostmanRuntime/7.28.4","errors":"","cost":0}
{"level":"INFO","time":"2021-11-11T23:11:31.506+0800","caller":"logger/logger.go:79","msg":"/ping","status":200,"method":"GET","path":"/ping","query":"","ip":"::1","user-agent":"PostmanRuntime/7.28.4","errors":"","cost":0}
{"level":"INFO","time":"2021-11-11T23:11:32.565+0800","caller":"logger/logger.go:79","msg":"/ping","status":200,"method":"GET","path":"/ping","query":"","ip":"::1","user-agent":"PostmanRuntime/7.28.4","errors":"","cost":0}
{"level":"INFO","time":"2021-11-11T23:11:36.700+0800","caller":"logger/logger.go:79","msg":"/ping","status":200,"method":"GET","path":"/ping","query":"","ip":"::1","user-agent":"PostmanRuntime/7.28.4","errors":"","cost":0.0010007}
{"level":"INFO","time":"2021-11-11T23:11:40.289+0800","caller":"logger/logger.go:79","msg":"/ping","status":200,"method":"GET","path":"/ping","query":"","ip":"::1","user-agent":"PostmanRuntime/7.28.4","errors":"","cost":0}
{"level":"INFO","time":"2021-11-11T23:11:42.805+0800","caller":"logger/logger.go:79","msg":"/ping","status":200,"method":"GET","path":"/ping","query":"","ip":"::1","user-agent":"PostmanRuntime/7.28.4","errors":"","cost":0}
{"level":"INFO","time":"2021-11-11T23:11:59.647+0800","caller":"logger/logger.go:79","msg":"/ping","status":200,"method":"GET","path":"/ping","query":"","ip":"::1","user-agent":"PostmanRuntime/7.28.4","errors":"","cost":0}
{"level":"INFO","time":"2021-11-11T23:12:03.593+0800","caller":"logger/logger.go:79","msg":"/ping","status":200,"method":"GET","path":"/ping","query":"","ip":"::1","user-agent":"PostmanRuntime/7.28.4","errors":"","cost":0}
{"level":"INFO","time":"2021-11-11T23:12:08.965+0800","caller":"logger/logger.go:79","msg":"/ping","status":200,"method":"GET","path":"/ping","query":"","ip":"::1","user-agent":"PostmanRuntime/7.28.4","errors":"","cost":0}
{"level":"INFO","time":"2021-11-11T23:12:11.864+0800","caller":"logger/logger.go:79","msg":"/ping","status":200,"method":"GET","path":"/ping","query":"","ip":"::1","user-agent":"PostmanRuntime/7.28.4","errors":"","cost":0}
{"level":"INFO","time":"2021-11-11T23:12:16.055+0800","caller":"logger/logger.go:79","msg":"/ping","status":200,"method":"GET","path":"/ping","query":"","ip":"::1","user-agent":"PostmanRuntime/7.28.4","errors":"","cost":0.0010076}
{"level":"INFO","time":"2021-11-11T23:12:19.191+0800","caller":"logger/logger.go:79","msg":"/ping","status":200,"method":"GET","path":"/ping","query":"","ip":"::1","user-agent":"PostmanRuntime/7.28.4","errors":"","cost":0}
{"level":"INFO","time":"2021-11-11T23:12:21.856+0800","caller":"logger/logger.go:79","msg":"/ping","status":200,"method":"GET","path":"/ping","query":"","ip":"::1","user-agent":"PostmanRuntime/7.28.4","errors":"","cost":0}
{"level":"INFO","time":"2021-11-11T23:12:24.590+0800","caller":"logger/logger.go:79","msg":"/ping","status":200,"method":"GET","path":"/ping","query":"","ip":"::1","user-agent":"PostmanRuntime/7.28.4","errors":"","cost":0}
{"level":"INFO","time":"2021-11-11T23:14:46.730+0800","caller":"BlueBell/main.go:91","msg":"Shutdown Server ..."}
{"level":"INFO","time":"2021-11-11T23:14:46.741+0800","caller":"BlueBell/main.go:100","msg":"Server exiting"}
